*** Starting uWSGI 2.0.18 (64bit) on [Mon Dec  2 01:43:24 2019] ***
compiled with version: 8.3.0 on 28 November 2019 02:39:24
os: Linux-4.9.184-linuxkit #1 SMP Tue Jul 2 22:58:16 UTC 2019
nodename: 0c9746eb9591
machine: x86_64
clock source: unix
pcre jit disabled
detected number of CPU cores: 3
current working directory: /app
detected binary path: /usr/local/bin/uwsgi
uWSGI running as root, you can use --uid/--gid/--chroot options
*** WARNING: you are running uWSGI as root !!! (use the --uid flag) *** 
your memory page size is 4096 bytes
detected max file descriptor number: 1048576
lock engine: pthread robust mutexes
thunder lock: disabled (you can enable it with --thunder-lock)
uwsgi socket 0 bound to TCP address :8001 fd 3
uWSGI running as root, you can use --uid/--gid/--chroot options
*** WARNING: you are running uWSGI as root !!! (use the --uid flag) *** 
Python version: 3.7.5 (default, Nov 23 2019, 05:59:34)  [GCC 8.3.0]
Python main interpreter initialized at 0x55e12d73d020
uWSGI running as root, you can use --uid/--gid/--chroot options
*** WARNING: you are running uWSGI as root !!! (use the --uid flag) *** 
python threads support enabled
your server socket listen backlog is limited to 100 connections
your mercy for graceful operations on workers is 60 seconds
mapped 145840 bytes (142 KB) for 1 cores
*** Operational MODE: single process ***
ModuleNotFoundError: No module named 'django.wsgi'
unable to load app 0 (mountpoint='') (callable not found or import error)
WSGI app 0 (mountpoint='') ready in 1 seconds on interpreter 0x55e12d73d020 pid: 1 (default app)
uWSGI running as root, you can use --uid/--gid/--chroot options
*** WARNING: you are running uWSGI as root !!! (use the --uid flag) *** 
*** uWSGI is running in multiple interpreter mode ***
spawned uWSGI master process (pid: 1)
spawned uWSGI worker 1 (pid: 6, cores: 1)
Python auto-reloader enabled
...brutally killing workers...
worker 1 buried after 1 seconds
binary reloading uWSGI...
chdir() to /app
closing all non-uwsgi socket fds > 2 (max_fd = 1048576)...
found fd 3 mapped to socket 0 (:8001)
running /usr/local/bin/uwsgi
[uWSGI] getting INI configuration from /app/django.ini
*** Starting uWSGI 2.0.18 (64bit) on [Mon Dec  2 01:43:47 2019] ***
compiled with version: 8.3.0 on 28 November 2019 02:39:24
os: Linux-4.9.184-linuxkit #1 SMP Tue Jul 2 22:58:16 UTC 2019
nodename: 0c9746eb9591
machine: x86_64
clock source: unix
pcre jit disabled
detected number of CPU cores: 3
current working directory: /app
detected binary path: /usr/local/bin/uwsgi
uWSGI running as root, you can use --uid/--gid/--chroot options
*** WARNING: you are running uWSGI as root !!! (use the --uid flag) *** 
your memory page size is 4096 bytes
detected max file descriptor number: 1048576
lock engine: pthread robust mutexes
thunder lock: disabled (you can enable it with --thunder-lock)
uwsgi socket 0 inherited INET address :8001 fd 3
uwsgi socket 1 inherited INET address :8001 fd 3
uWSGI running as root, you can use --uid/--gid/--chroot options
*** WARNING: you are running uWSGI as root !!! (use the --uid flag) *** 
Python version: 3.7.5 (default, Nov 23 2019, 05:59:34)  [GCC 8.3.0]
Python main interpreter initialized at 0x55cbba194ff0
uWSGI running as root, you can use --uid/--gid/--chroot options
*** WARNING: you are running uWSGI as root !!! (use the --uid flag) *** 
python threads support enabled
your server socket listen backlog is limited to 100 connections
your mercy for graceful operations on workers is 60 seconds
mapped 145840 bytes (142 KB) for 1 cores
*** Operational MODE: single process ***
ModuleNotFoundError: No module named 'django.wsgi'
unable to load app 0 (mountpoint='') (callable not found or import error)
WSGI app 0 (mountpoint='') ready in 0 seconds on interpreter 0x55cbba194ff0 pid: 1 (default app)
uWSGI running as root, you can use --uid/--gid/--chroot options
*** WARNING: you are running uWSGI as root !!! (use the --uid flag) *** 
*** uWSGI is running in multiple interpreter mode ***
gracefully (RE)spawned uWSGI master process (pid: 1)
spawned uWSGI worker 1 (pid: 8, cores: 1)
epoll_ctl(): File exists [core/event.c line 524]
Python auto-reloader enabled
*** Starting uWSGI 2.0.18 (64bit) on [Mon Dec  2 01:44:25 2019] ***
compiled with version: 8.3.0 on 28 November 2019 02:39:24
os: Linux-4.9.184-linuxkit #1 SMP Tue Jul 2 22:58:16 UTC 2019
nodename: 0c9746eb9591
machine: x86_64
clock source: unix
pcre jit disabled
detected number of CPU cores: 3
current working directory: /app
detected binary path: /usr/local/bin/uwsgi
uWSGI running as root, you can use --uid/--gid/--chroot options
*** WARNING: you are running uWSGI as root !!! (use the --uid flag) *** 
your memory page size is 4096 bytes
detected max file descriptor number: 1048576
lock engine: pthread robust mutexes
thunder lock: disabled (you can enable it with --thunder-lock)
uwsgi socket 0 bound to TCP address :8001 fd 3
uWSGI running as root, you can use --uid/--gid/--chroot options
*** WARNING: you are running uWSGI as root !!! (use the --uid flag) *** 
Python version: 3.7.5 (default, Nov 23 2019, 05:59:34)  [GCC 8.3.0]
Python main interpreter initialized at 0x564762392020
uWSGI running as root, you can use --uid/--gid/--chroot options
*** WARNING: you are running uWSGI as root !!! (use the --uid flag) *** 
python threads support enabled
your server socket listen backlog is limited to 100 connections
your mercy for graceful operations on workers is 60 seconds
mapped 145840 bytes (142 KB) for 1 cores
*** Operational MODE: single process ***
ModuleNotFoundError: No module named 'django.wsgi'
unable to load app 0 (mountpoint='') (callable not found or import error)
WSGI app 0 (mountpoint='') ready in 0 seconds on interpreter 0x564762392020 pid: 1 (default app)
uWSGI running as root, you can use --uid/--gid/--chroot options
*** WARNING: you are running uWSGI as root !!! (use the --uid flag) *** 
*** uWSGI is running in multiple interpreter mode ***
spawned uWSGI master process (pid: 1)
spawned uWSGI worker 1 (pid: 7, cores: 1)
Python auto-reloader enabled
[pid: 7|app: 0|req: 1/1] 172.21.0.1 () {48 vars in 1552 bytes} [Mon Dec  2 01:44:31 2019] GET / => generated 16504 bytes in 39 msecs (HTTP/1.1 200) 3 headers in 96 bytes (1 switches on core 0)
Not Found: /robots.txt
[pid: 7|app: 0|req: 2/2] 172.21.0.1 () {44 vars in 1399 bytes} [Mon Dec  2 01:44:31 2019] GET /robots.txt => generated 1969 bytes in 40 msecs (HTTP/1.1 404) 3 headers in 102 bytes (1 switches on core 0)
Not Found: /favicon.ico
[pid: 7|app: 0|req: 3/3] 172.21.0.1 () {46 vars in 1479 bytes} [Mon Dec  2 01:44:31 2019] GET /favicon.ico => generated 1972 bytes in 9 msecs (HTTP/1.1 404) 3 headers in 102 bytes (1 switches on core 0)
[pid: 7|app: 0|req: 4/4] 172.21.0.1 () {50 vars in 1583 bytes} [Mon Dec  2 01:44:32 2019] GET / => generated 16504 bytes in 5 msecs (HTTP/1.1 200) 3 headers in 96 bytes (1 switches on core 0)
[pid: 7|app: 0|req: 5/5] 172.21.0.1 () {50 vars in 1583 bytes} [Mon Dec  2 01:51:03 2019] GET / => generated 16504 bytes in 4 msecs (HTTP/1.1 200) 3 headers in 96 bytes (1 switches on core 0)
...brutally killing workers...
worker 1 buried after 1 seconds
binary reloading uWSGI...
chdir() to /app
closing all non-uwsgi socket fds > 2 (max_fd = 1048576)...
found fd 3 mapped to socket 0 (:8001)
running /usr/local/bin/uwsgi
[uWSGI] getting INI configuration from /app/django.ini
*** Starting uWSGI 2.0.18 (64bit) on [Mon Dec  2 03:12:11 2019] ***
compiled with version: 8.3.0 on 28 November 2019 02:39:24
os: Linux-4.9.184-linuxkit #1 SMP Tue Jul 2 22:58:16 UTC 2019
nodename: 0c9746eb9591
machine: x86_64
clock source: unix
pcre jit disabled
detected number of CPU cores: 3
current working directory: /app
detected binary path: /usr/local/bin/uwsgi
uWSGI running as root, you can use --uid/--gid/--chroot options
*** WARNING: you are running uWSGI as root !!! (use the --uid flag) *** 
your memory page size is 4096 bytes
detected max file descriptor number: 1048576
lock engine: pthread robust mutexes
thunder lock: disabled (you can enable it with --thunder-lock)
uwsgi socket 0 inherited INET address :8001 fd 3
uwsgi socket 1 inherited INET address :8001 fd 3
uWSGI running as root, you can use --uid/--gid/--chroot options
*** WARNING: you are running uWSGI as root !!! (use the --uid flag) *** 
Python version: 3.7.5 (default, Nov 23 2019, 05:59:34)  [GCC 8.3.0]
Python main interpreter initialized at 0x562e87437ff0
uWSGI running as root, you can use --uid/--gid/--chroot options
*** WARNING: you are running uWSGI as root !!! (use the --uid flag) *** 
python threads support enabled
your server socket listen backlog is limited to 100 connections
your mercy for graceful operations on workers is 60 seconds
mapped 145840 bytes (142 KB) for 1 cores
*** Operational MODE: single process ***
ModuleNotFoundError: No module named 'django.wsgi'
unable to load app 0 (mountpoint='') (callable not found or import error)
WSGI app 0 (mountpoint='') ready in 1 seconds on interpreter 0x562e87437ff0 pid: 1 (default app)
uWSGI running as root, you can use --uid/--gid/--chroot options
*** WARNING: you are running uWSGI as root !!! (use the --uid flag) *** 
*** uWSGI is running in multiple interpreter mode ***
gracefully (RE)spawned uWSGI master process (pid: 1)
spawned uWSGI worker 1 (pid: 9, cores: 1)
epoll_ctl(): File exists [core/event.c line 524]
Python auto-reloader enabled
*** Starting uWSGI 2.0.18 (64bit) on [Tue Dec  3 00:58:41 2019] ***
compiled with version: 8.3.0 on 28 November 2019 02:39:24
os: Linux-4.9.184-linuxkit #1 SMP Tue Jul 2 22:58:16 UTC 2019
nodename: 0c9746eb9591
machine: x86_64
clock source: unix
pcre jit disabled
detected number of CPU cores: 3
current working directory: /app
detected binary path: /usr/local/bin/uwsgi
uWSGI running as root, you can use --uid/--gid/--chroot options
*** WARNING: you are running uWSGI as root !!! (use the --uid flag) *** 
your memory page size is 4096 bytes
detected max file descriptor number: 1048576
lock engine: pthread robust mutexes
thunder lock: disabled (you can enable it with --thunder-lock)
uwsgi socket 0 bound to TCP address :8001 fd 3
uWSGI running as root, you can use --uid/--gid/--chroot options
*** WARNING: you are running uWSGI as root !!! (use the --uid flag) *** 
Python version: 3.7.5 (default, Nov 23 2019, 05:59:34)  [GCC 8.3.0]
Python main interpreter initialized at 0x55c52c69c020
uWSGI running as root, you can use --uid/--gid/--chroot options
*** WARNING: you are running uWSGI as root !!! (use the --uid flag) *** 
python threads support enabled
your server socket listen backlog is limited to 100 connections
your mercy for graceful operations on workers is 60 seconds
mapped 145840 bytes (142 KB) for 1 cores
*** Operational MODE: single process ***
ModuleNotFoundError: No module named 'django.wsgi'
unable to load app 0 (mountpoint='') (callable not found or import error)
WSGI app 0 (mountpoint='') ready in 1 seconds on interpreter 0x55c52c69c020 pid: 1 (default app)
uWSGI running as root, you can use --uid/--gid/--chroot options
*** WARNING: you are running uWSGI as root !!! (use the --uid flag) *** 
*** uWSGI is running in multiple interpreter mode ***
spawned uWSGI master process (pid: 1)
spawned uWSGI worker 1 (pid: 6, cores: 1)
Python auto-reloader enabled
...brutally killing workers...
worker 1 buried after 1 seconds
binary reloading uWSGI...
chdir() to /app
closing all non-uwsgi socket fds > 2 (max_fd = 1048576)...
found fd 3 mapped to socket 0 (:8001)
running /usr/local/bin/uwsgi
[uWSGI] getting INI configuration from /app/django.ini
*** Starting uWSGI 2.0.18 (64bit) on [Tue Dec  3 02:50:50 2019] ***
compiled with version: 8.3.0 on 28 November 2019 02:39:24
os: Linux-4.9.184-linuxkit #1 SMP Tue Jul 2 22:58:16 UTC 2019
nodename: 0c9746eb9591
machine: x86_64
clock source: unix
pcre jit disabled
detected number of CPU cores: 3
current working directory: /app
detected binary path: /usr/local/bin/uwsgi
uWSGI running as root, you can use --uid/--gid/--chroot options
*** WARNING: you are running uWSGI as root !!! (use the --uid flag) *** 
your memory page size is 4096 bytes
detected max file descriptor number: 1048576
lock engine: pthread robust mutexes
thunder lock: disabled (you can enable it with --thunder-lock)
uwsgi socket 0 inherited INET address :8001 fd 3
uwsgi socket 1 inherited INET address :8001 fd 3
uWSGI running as root, you can use --uid/--gid/--chroot options
*** WARNING: you are running uWSGI as root !!! (use the --uid flag) *** 
Python version: 3.7.5 (default, Nov 23 2019, 05:59:34)  [GCC 8.3.0]
Python main interpreter initialized at 0x55f79e57cff0
uWSGI running as root, you can use --uid/--gid/--chroot options
*** WARNING: you are running uWSGI as root !!! (use the --uid flag) *** 
python threads support enabled
your server socket listen backlog is limited to 100 connections
your mercy for graceful operations on workers is 60 seconds
mapped 145840 bytes (142 KB) for 1 cores
*** Operational MODE: single process ***
ModuleNotFoundError: No module named 'django.wsgi'
unable to load app 0 (mountpoint='') (callable not found or import error)
WSGI app 0 (mountpoint='') ready in 1 seconds on interpreter 0x55f79e57cff0 pid: 1 (default app)
uWSGI running as root, you can use --uid/--gid/--chroot options
*** WARNING: you are running uWSGI as root !!! (use the --uid flag) *** 
*** uWSGI is running in multiple interpreter mode ***
gracefully (RE)spawned uWSGI master process (pid: 1)
spawned uWSGI worker 1 (pid: 8, cores: 1)
epoll_ctl(): File exists [core/event.c line 524]
Python auto-reloader enabled
*** Starting uWSGI 2.0.18 (64bit) on [Wed Dec  4 00:40:03 2019] ***
compiled with version: 8.3.0 on 28 November 2019 02:39:24
os: Linux-4.9.184-linuxkit #1 SMP Tue Jul 2 22:58:16 UTC 2019
nodename: 0c9746eb9591
machine: x86_64
clock source: unix
pcre jit disabled
detected number of CPU cores: 3
current working directory: /app
detected binary path: /usr/local/bin/uwsgi
uWSGI running as root, you can use --uid/--gid/--chroot options
*** WARNING: you are running uWSGI as root !!! (use the --uid flag) *** 
your memory page size is 4096 bytes
detected max file descriptor number: 1048576
lock engine: pthread robust mutexes
thunder lock: disabled (you can enable it with --thunder-lock)
uwsgi socket 0 bound to TCP address :8001 fd 3
uWSGI running as root, you can use --uid/--gid/--chroot options
*** WARNING: you are running uWSGI as root !!! (use the --uid flag) *** 
Python version: 3.7.5 (default, Nov 23 2019, 05:59:34)  [GCC 8.3.0]
Python main interpreter initialized at 0x55a9dfdc0020
uWSGI running as root, you can use --uid/--gid/--chroot options
*** WARNING: you are running uWSGI as root !!! (use the --uid flag) *** 
python threads support enabled
your server socket listen backlog is limited to 100 connections
your mercy for graceful operations on workers is 60 seconds
mapped 145840 bytes (142 KB) for 1 cores
*** Operational MODE: single process ***
ModuleNotFoundError: No module named 'django.wsgi'
unable to load app 0 (mountpoint='') (callable not found or import error)
WSGI app 0 (mountpoint='') ready in 1 seconds on interpreter 0x55a9dfdc0020 pid: 1 (default app)
uWSGI running as root, you can use --uid/--gid/--chroot options
*** WARNING: you are running uWSGI as root !!! (use the --uid flag) *** 
*** uWSGI is running in multiple interpreter mode ***
spawned uWSGI master process (pid: 1)
spawned uWSGI worker 1 (pid: 7, cores: 1)
Python auto-reloader enabled
[pid: 7|app: 0|req: 1/1] 172.21.0.1 () {48 vars in 1552 bytes} [Wed Dec  4 00:41:49 2019] GET / => generated 16504 bytes in 38 msecs (HTTP/1.1 200) 3 headers in 96 bytes (1 switches on core 0)
Not Found: /robots.txt
[pid: 7|app: 0|req: 2/2] 172.21.0.1 () {44 vars in 1399 bytes} [Wed Dec  4 00:41:49 2019] GET /robots.txt => generated 1969 bytes in 52 msecs (HTTP/1.1 404) 3 headers in 102 bytes (1 switches on core 0)
Not Found: /favicon.ico
[pid: 7|app: 0|req: 3/3] 172.21.0.1 () {46 vars in 1479 bytes} [Wed Dec  4 00:41:50 2019] GET /favicon.ico => generated 1972 bytes in 4 msecs (HTTP/1.1 404) 3 headers in 102 bytes (1 switches on core 0)
*** Starting uWSGI 2.0.18 (64bit) on [Tue Mar  3 08:58:07 2020] ***
compiled with version: 8.3.0 on 28 November 2019 02:39:24
os: Linux-4.19.76-linuxkit #1 SMP Thu Oct 17 19:31:58 UTC 2019
nodename: e8147c1170d6
machine: x86_64
clock source: unix
pcre jit disabled
detected number of CPU cores: 3
current working directory: /app
detected binary path: /usr/local/bin/uwsgi
uWSGI running as root, you can use --uid/--gid/--chroot options
*** WARNING: you are running uWSGI as root !!! (use the --uid flag) *** 
your memory page size is 4096 bytes
detected max file descriptor number: 1048576
lock engine: pthread robust mutexes
thunder lock: disabled (you can enable it with --thunder-lock)
uwsgi socket 0 bound to TCP address :8001 fd 3
uWSGI running as root, you can use --uid/--gid/--chroot options
*** WARNING: you are running uWSGI as root !!! (use the --uid flag) *** 
Python version: 3.7.5 (default, Nov 23 2019, 05:59:34)  [GCC 8.3.0]
Python main interpreter initialized at 0x560d25f2a020
uWSGI running as root, you can use --uid/--gid/--chroot options
*** WARNING: you are running uWSGI as root !!! (use the --uid flag) *** 
python threads support enabled
your server socket listen backlog is limited to 100 connections
your mercy for graceful operations on workers is 60 seconds
mapped 145840 bytes (142 KB) for 1 cores
*** Operational MODE: single process ***
ModuleNotFoundError: No module named 'django.wsgi'
unable to load app 0 (mountpoint='') (callable not found or import error)
WSGI app 0 (mountpoint='') ready in 1 seconds on interpreter 0x560d25f2a020 pid: 1 (default app)
uWSGI running as root, you can use --uid/--gid/--chroot options
*** WARNING: you are running uWSGI as root !!! (use the --uid flag) *** 
*** uWSGI is running in multiple interpreter mode ***
spawned uWSGI master process (pid: 1)
spawned uWSGI worker 1 (pid: 8, cores: 1)
Python auto-reloader enabled
...brutally killing workers...
worker 1 buried after 1 seconds
binary reloading uWSGI...
chdir() to /app
closing all non-uwsgi socket fds > 2 (max_fd = 1048576)...
found fd 3 mapped to socket 0 (:8001)
running /usr/local/bin/uwsgi
[uWSGI] getting INI configuration from /app/django.ini
*** Starting uWSGI 2.0.18 (64bit) on [Tue Mar  3 08:59:18 2020] ***
compiled with version: 8.3.0 on 28 November 2019 02:39:24
os: Linux-4.19.76-linuxkit #1 SMP Thu Oct 17 19:31:58 UTC 2019
nodename: e8147c1170d6
machine: x86_64
clock source: unix
pcre jit disabled
detected number of CPU cores: 3
current working directory: /app
detected binary path: /usr/local/bin/uwsgi
uWSGI running as root, you can use --uid/--gid/--chroot options
*** WARNING: you are running uWSGI as root !!! (use the --uid flag) *** 
your memory page size is 4096 bytes
detected max file descriptor number: 1048576
lock engine: pthread robust mutexes
thunder lock: disabled (you can enable it with --thunder-lock)
uwsgi socket 0 inherited INET address :8001 fd 3
uwsgi socket 1 inherited INET address :8001 fd 3
uWSGI running as root, you can use --uid/--gid/--chroot options
*** WARNING: you are running uWSGI as root !!! (use the --uid flag) *** 
Python version: 3.7.5 (default, Nov 23 2019, 05:59:34)  [GCC 8.3.0]
Python main interpreter initialized at 0x561d45339ff0
uWSGI running as root, you can use --uid/--gid/--chroot options
*** WARNING: you are running uWSGI as root !!! (use the --uid flag) *** 
python threads support enabled
your server socket listen backlog is limited to 100 connections
your mercy for graceful operations on workers is 60 seconds
mapped 145840 bytes (142 KB) for 1 cores
*** Operational MODE: single process ***
ModuleNotFoundError: No module named 'django.wsgi'
unable to load app 0 (mountpoint='') (callable not found or import error)
WSGI app 0 (mountpoint='') ready in 1 seconds on interpreter 0x561d45339ff0 pid: 1 (default app)
uWSGI running as root, you can use --uid/--gid/--chroot options
*** WARNING: you are running uWSGI as root !!! (use the --uid flag) *** 
*** uWSGI is running in multiple interpreter mode ***
gracefully (RE)spawned uWSGI master process (pid: 1)
spawned uWSGI worker 1 (pid: 10, cores: 1)
epoll_ctl(): File exists [core/event.c line 524]
Python auto-reloader enabled
*** Starting uWSGI 2.0.18 (64bit) on [Tue Mar  3 09:15:07 2020] ***
compiled with version: 8.3.0 on 03 March 2020 09:01:01
os: Linux-4.19.76-linuxkit #1 SMP Thu Oct 17 19:31:58 UTC 2019
nodename: 48549967b29e
machine: x86_64
clock source: unix
pcre jit disabled
detected number of CPU cores: 3
current working directory: /app
detected binary path: /usr/local/bin/uwsgi
uWSGI running as root, you can use --uid/--gid/--chroot options
*** WARNING: you are running uWSGI as root !!! (use the --uid flag) *** 
your memory page size is 4096 bytes
detected max file descriptor number: 1048576
lock engine: pthread robust mutexes
thunder lock: disabled (you can enable it with --thunder-lock)
uwsgi socket 0 bound to TCP address :8001 fd 3
uWSGI running as root, you can use --uid/--gid/--chroot options
*** WARNING: you are running uWSGI as root !!! (use the --uid flag) *** 
Python version: 3.7.5 (default, Nov 23 2019, 05:59:34)  [GCC 8.3.0]
Python main interpreter initialized at 0x55910c1fc020
uWSGI running as root, you can use --uid/--gid/--chroot options
*** WARNING: you are running uWSGI as root !!! (use the --uid flag) *** 
python threads support enabled
your server socket listen backlog is limited to 100 connections
your mercy for graceful operations on workers is 60 seconds
mapped 145840 bytes (142 KB) for 1 cores
*** Operational MODE: single process ***
ModuleNotFoundError: No module named 'django.wsgi'
unable to load app 0 (mountpoint='') (callable not found or import error)
WSGI app 0 (mountpoint='') ready in 0 seconds on interpreter 0x55910c1fc020 pid: 1 (default app)
uWSGI running as root, you can use --uid/--gid/--chroot options
*** WARNING: you are running uWSGI as root !!! (use the --uid flag) *** 
*** uWSGI is running in multiple interpreter mode ***
spawned uWSGI master process (pid: 1)
spawned uWSGI worker 1 (pid: 8, cores: 1)
Python auto-reloader enabled
[pid: 8|app: 0|req: 1/1] 172.27.0.1 () {52 vars in 1971 bytes} [Tue Mar  3 09:15:25 2020] GET /admin/login/?next=/admin/ => generated 1848 bytes in 265 msecs (HTTP/1.1 200) 7 headers in 395 bytes (1 switches on core 0)
[pid: 8|app: 0|req: 2/2] 172.27.0.1 () {54 vars in 1993 bytes} [Tue Mar  3 09:15:26 2020] GET /admin/login/?next=/admin/ => generated 1848 bytes in 25 msecs (HTTP/1.1 200) 7 headers in 395 bytes (1 switches on core 0)
Not Found: /favicon.ico
[pid: 8|app: 0|req: 3/3] 172.27.0.1 () {52 vars in 1887 bytes} [Tue Mar  3 09:15:27 2020] GET /favicon.ico => generated 1972 bytes in 12 msecs (HTTP/1.1 404) 3 headers in 102 bytes (1 switches on core 0)
[pid: 8|app: 0|req: 4/4] 172.27.0.1 () {52 vars in 1971 bytes} [Tue Mar  3 09:16:10 2020] GET /admin/login/?next=/admin/ => generated 1848 bytes in 23 msecs (HTTP/1.1 200) 7 headers in 395 bytes (1 switches on core 0)
[pid: 8|app: 0|req: 5/5] 172.27.0.1 () {54 vars in 1993 bytes} [Tue Mar  3 09:16:12 2020] GET /admin/login/?next=/admin/ => generated 1848 bytes in 21 msecs (HTTP/1.1 200) 7 headers in 395 bytes (1 switches on core 0)
Not Found: /favicon.ico
[pid: 8|app: 0|req: 6/6] 172.27.0.1 () {52 vars in 1887 bytes} [Tue Mar  3 09:16:12 2020] GET /favicon.ico => generated 1972 bytes in 9 msecs (HTTP/1.1 404) 3 headers in 102 bytes (1 switches on core 0)
[uwsgi-python-reloader] module/file ./config/settings.py has been modified
...gracefully killing workers...
Gracefully killing worker 1 (pid: 8)...
worker 1 buried after 1 seconds
binary reloading uWSGI...
chdir() to /app
closing all non-uwsgi socket fds > 2 (max_fd = 1048576)...
found fd 3 mapped to socket 0 (:8001)
running /usr/local/bin/uwsgi
[uWSGI] getting INI configuration from /app/django.ini
*** Starting uWSGI 2.0.18 (64bit) on [Tue Mar  3 09:28:30 2020] ***
compiled with version: 8.3.0 on 03 March 2020 09:01:01
os: Linux-4.19.76-linuxkit #1 SMP Thu Oct 17 19:31:58 UTC 2019
nodename: 48549967b29e
machine: x86_64
clock source: unix
pcre jit disabled
detected number of CPU cores: 3
current working directory: /app
detected binary path: /usr/local/bin/uwsgi
uWSGI running as root, you can use --uid/--gid/--chroot options
*** WARNING: you are running uWSGI as root !!! (use the --uid flag) *** 
your memory page size is 4096 bytes
detected max file descriptor number: 1048576
lock engine: pthread robust mutexes
thunder lock: disabled (you can enable it with --thunder-lock)
uwsgi socket 0 inherited INET address :8001 fd 3
uwsgi socket 1 inherited INET address :8001 fd 3
uWSGI running as root, you can use --uid/--gid/--chroot options
*** WARNING: you are running uWSGI as root !!! (use the --uid flag) *** 
Python version: 3.7.5 (default, Nov 23 2019, 05:59:34)  [GCC 8.3.0]
Python main interpreter initialized at 0x55d5264a0ff0
uWSGI running as root, you can use --uid/--gid/--chroot options
*** WARNING: you are running uWSGI as root !!! (use the --uid flag) *** 
python threads support enabled
your server socket listen backlog is limited to 100 connections
your mercy for graceful operations on workers is 60 seconds
mapped 145840 bytes (142 KB) for 1 cores
*** Operational MODE: single process ***
ModuleNotFoundError: No module named 'django.wsgi'
unable to load app 0 (mountpoint='') (callable not found or import error)
WSGI app 0 (mountpoint='') ready in 1 seconds on interpreter 0x55d5264a0ff0 pid: 1 (default app)
uWSGI running as root, you can use --uid/--gid/--chroot options
*** WARNING: you are running uWSGI as root !!! (use the --uid flag) *** 
*** uWSGI is running in multiple interpreter mode ***
gracefully (RE)spawned uWSGI master process (pid: 1)
spawned uWSGI worker 1 (pid: 34, cores: 1)
epoll_ctl(): File exists [core/event.c line 524]
Python auto-reloader enabled
[pid: 34|app: 0|req: 1/1] 172.27.0.1 () {52 vars in 1971 bytes} [Tue Mar  3 09:29:06 2020] GET /admin/login/?next=/admin/ => generated 1848 bytes in 143 msecs (HTTP/1.1 200) 7 headers in 395 bytes (1 switches on core 0)
[pid: 34|app: 0|req: 2/2] 172.27.0.1 () {54 vars in 1993 bytes} [Tue Mar  3 09:29:08 2020] GET /admin/login/?next=/admin/ => generated 1848 bytes in 23 msecs (HTTP/1.1 200) 7 headers in 395 bytes (1 switches on core 0)
Not Found: /favicon.ico
[pid: 34|app: 0|req: 3/3] 172.27.0.1 () {52 vars in 1887 bytes} [Tue Mar  3 09:29:08 2020] GET /favicon.ico => generated 1972 bytes in 9 msecs (HTTP/1.1 404) 3 headers in 102 bytes (1 switches on core 0)
[pid: 34|app: 0|req: 4/4] 172.27.0.1 () {54 vars in 1993 bytes} [Tue Mar  3 09:29:09 2020] GET /admin/login/?next=/admin/ => generated 1848 bytes in 21 msecs (HTTP/1.1 200) 7 headers in 395 bytes (1 switches on core 0)
Not Found: /favicon.ico
[pid: 34|app: 0|req: 5/5] 172.27.0.1 () {52 vars in 1887 bytes} [Tue Mar  3 09:29:09 2020] GET /favicon.ico => generated 1972 bytes in 7 msecs (HTTP/1.1 404) 3 headers in 102 bytes (1 switches on core 0)
[pid: 34|app: 0|req: 6/6] 172.27.0.1 () {50 vars in 1940 bytes} [Tue Mar  3 09:29:20 2020] GET /admin/login/?next=/admin/ => generated 1848 bytes in 29 msecs (HTTP/1.1 200) 7 headers in 395 bytes (1 switches on core 0)
[pid: 34|app: 0|req: 7/7] 172.27.0.1 () {50 vars in 1891 bytes} [Tue Mar  3 09:29:40 2020] GET / => generated 16504 bytes in 4 msecs (HTTP/1.1 200) 3 headers in 96 bytes (1 switches on core 0)
[pid: 34|app: 0|req: 8/8] 172.27.0.1 () {50 vars in 1903 bytes} [Tue Mar  3 09:29:47 2020] GET /admin/ => generated 0 bytes in 2 msecs (HTTP/1.1 302) 7 headers in 265 bytes (1 switches on core 0)
[pid: 34|app: 0|req: 9/9] 172.27.0.1 () {50 vars in 1940 bytes} [Tue Mar  3 09:29:47 2020] GET /admin/login/?next=/admin/ => generated 1848 bytes in 27 msecs (HTTP/1.1 200) 7 headers in 395 bytes (1 switches on core 0)
[pid: 34|app: 0|req: 10/10] 172.27.0.1 () {54 vars in 1993 bytes} [Tue Mar  3 09:29:49 2020] GET /admin/login/?next=/admin/ => generated 1848 bytes in 16 msecs (HTTP/1.1 200) 7 headers in 395 bytes (1 switches on core 0)
Not Found: /favicon.ico
[pid: 34|app: 0|req: 11/11] 172.27.0.1 () {52 vars in 1887 bytes} [Tue Mar  3 09:29:49 2020] GET /favicon.ico => generated 1972 bytes in 6 msecs (HTTP/1.1 404) 3 headers in 102 bytes (1 switches on core 0)
[pid: 34|app: 0|req: 12/12] 172.27.0.1 () {54 vars in 1993 bytes} [Tue Mar  3 09:29:50 2020] GET /admin/login/?next=/admin/ => generated 1848 bytes in 16 msecs (HTTP/1.1 200) 7 headers in 395 bytes (1 switches on core 0)
[pid: 34|app: 0|req: 13/13] 172.27.0.1 () {54 vars in 1993 bytes} [Tue Mar  3 09:29:50 2020] GET /admin/login/?next=/admin/ => generated 1848 bytes in 20 msecs (HTTP/1.1 200) 7 headers in 395 bytes (1 switches on core 0)
Not Found: /favicon.ico
[pid: 34|app: 0|req: 14/14] 172.27.0.1 () {52 vars in 1887 bytes} [Tue Mar  3 09:29:50 2020] GET /favicon.ico => generated 1972 bytes in 6 msecs (HTTP/1.1 404) 3 headers in 102 bytes (1 switches on core 0)
[uwsgi-python-reloader] module/file ./config/settings.py has been modified
...gracefully killing workers...
Gracefully killing worker 1 (pid: 34)...
worker 1 buried after 1 seconds
binary reloading uWSGI...
chdir() to /app
closing all non-uwsgi socket fds > 2 (max_fd = 1048576)...
found fd 3 mapped to socket 0 (:8001)
running /usr/local/bin/uwsgi
[uWSGI] getting INI configuration from /app/django.ini
*** Starting uWSGI 2.0.18 (64bit) on [Tue Mar  3 09:31:40 2020] ***
compiled with version: 8.3.0 on 03 March 2020 09:01:01
os: Linux-4.19.76-linuxkit #1 SMP Thu Oct 17 19:31:58 UTC 2019
nodename: 48549967b29e
machine: x86_64
clock source: unix
pcre jit disabled
detected number of CPU cores: 3
current working directory: /app
detected binary path: /usr/local/bin/uwsgi
uWSGI running as root, you can use --uid/--gid/--chroot options
*** WARNING: you are running uWSGI as root !!! (use the --uid flag) *** 
your memory page size is 4096 bytes
detected max file descriptor number: 1048576
lock engine: pthread robust mutexes
thunder lock: disabled (you can enable it with --thunder-lock)
uwsgi socket 0 inherited INET address :8001 fd 3
uwsgi socket 1 inherited INET address :8001 fd 3
uWSGI running as root, you can use --uid/--gid/--chroot options
*** WARNING: you are running uWSGI as root !!! (use the --uid flag) *** 
Python version: 3.7.5 (default, Nov 23 2019, 05:59:34)  [GCC 8.3.0]
Python main interpreter initialized at 0x55a53aceaff0
uWSGI running as root, you can use --uid/--gid/--chroot options
*** WARNING: you are running uWSGI as root !!! (use the --uid flag) *** 
python threads support enabled
your server socket listen backlog is limited to 100 connections
your mercy for graceful operations on workers is 60 seconds
mapped 145840 bytes (142 KB) for 1 cores
*** Operational MODE: single process ***
ModuleNotFoundError: No module named 'django.wsgi'
unable to load app 0 (mountpoint='') (callable not found or import error)
WSGI app 0 (mountpoint='') ready in 1 seconds on interpreter 0x55a53aceaff0 pid: 1 (default app)
uWSGI running as root, you can use --uid/--gid/--chroot options
*** WARNING: you are running uWSGI as root !!! (use the --uid flag) *** 
*** uWSGI is running in multiple interpreter mode ***
gracefully (RE)spawned uWSGI master process (pid: 1)
spawned uWSGI worker 1 (pid: 37, cores: 1)
epoll_ctl(): File exists [core/event.c line 524]
Python auto-reloader enabled
[uwsgi-python-reloader] module/file ./config/settings.py has been modified
...gracefully killing workers...
Gracefully killing worker 1 (pid: 37)...
worker 1 buried after 1 seconds
binary reloading uWSGI...
chdir() to /app
closing all non-uwsgi socket fds > 2 (max_fd = 1048576)...
found fd 3 mapped to socket 0 (:8001)
running /usr/local/bin/uwsgi
[uWSGI] getting INI configuration from /app/django.ini
*** Starting uWSGI 2.0.18 (64bit) on [Tue Mar  3 09:32:26 2020] ***
compiled with version: 8.3.0 on 03 March 2020 09:01:01
os: Linux-4.19.76-linuxkit #1 SMP Thu Oct 17 19:31:58 UTC 2019
nodename: 48549967b29e
machine: x86_64
clock source: unix
pcre jit disabled
detected number of CPU cores: 3
current working directory: /app
detected binary path: /usr/local/bin/uwsgi
uWSGI running as root, you can use --uid/--gid/--chroot options
*** WARNING: you are running uWSGI as root !!! (use the --uid flag) *** 
your memory page size is 4096 bytes
detected max file descriptor number: 1048576
lock engine: pthread robust mutexes
thunder lock: disabled (you can enable it with --thunder-lock)
uwsgi socket 0 inherited INET address :8001 fd 3
uwsgi socket 1 inherited INET address :8001 fd 3
uWSGI running as root, you can use --uid/--gid/--chroot options
*** WARNING: you are running uWSGI as root !!! (use the --uid flag) *** 
Python version: 3.7.5 (default, Nov 23 2019, 05:59:34)  [GCC 8.3.0]
Python main interpreter initialized at 0x55b6d0a90ff0
uWSGI running as root, you can use --uid/--gid/--chroot options
*** WARNING: you are running uWSGI as root !!! (use the --uid flag) *** 
python threads support enabled
your server socket listen backlog is limited to 100 connections
your mercy for graceful operations on workers is 60 seconds
mapped 145840 bytes (142 KB) for 1 cores
*** Operational MODE: single process ***
ModuleNotFoundError: No module named 'django.wsgi'
unable to load app 0 (mountpoint='') (callable not found or import error)
WSGI app 0 (mountpoint='') ready in 1 seconds on interpreter 0x55b6d0a90ff0 pid: 1 (default app)
uWSGI running as root, you can use --uid/--gid/--chroot options
*** WARNING: you are running uWSGI as root !!! (use the --uid flag) *** 
*** uWSGI is running in multiple interpreter mode ***
gracefully (RE)spawned uWSGI master process (pid: 1)
spawned uWSGI worker 1 (pid: 42, cores: 1)
epoll_ctl(): File exists [core/event.c line 524]
Python auto-reloader enabled
[pid: 42|app: 0|req: 1/1] 172.27.0.1 () {52 vars in 1971 bytes} [Tue Mar  3 09:32:54 2020] GET /admin/login/?next=/admin/ => generated 1848 bytes in 123 msecs (HTTP/1.1 200) 7 headers in 395 bytes (1 switches on core 0)
[pid: 42|app: 0|req: 2/2] 172.27.0.1 () {54 vars in 1993 bytes} [Tue Mar  3 09:32:55 2020] GET /admin/login/?next=/admin/ => generated 1848 bytes in 21 msecs (HTTP/1.1 200) 7 headers in 395 bytes (1 switches on core 0)
Not Found: /favicon.ico
[pid: 42|app: 0|req: 3/3] 172.27.0.1 () {52 vars in 1887 bytes} [Tue Mar  3 09:32:56 2020] GET /favicon.ico => generated 1972 bytes in 7 msecs (HTTP/1.1 404) 3 headers in 102 bytes (1 switches on core 0)
[pid: 42|app: 0|req: 4/4] 172.27.0.1 () {52 vars in 1971 bytes} [Tue Mar  3 09:33:31 2020] GET /admin/login/?next=/admin/ => generated 1848 bytes in 24 msecs (HTTP/1.1 200) 7 headers in 395 bytes (1 switches on core 0)
[uwsgi-python-reloader] module/file ./config/settings.py has been modified
...gracefully killing workers...
Gracefully killing worker 1 (pid: 42)...
worker 1 buried after 1 seconds
binary reloading uWSGI...
chdir() to /app
closing all non-uwsgi socket fds > 2 (max_fd = 1048576)...
found fd 3 mapped to socket 0 (:8001)
running /usr/local/bin/uwsgi
[uWSGI] getting INI configuration from /app/django.ini
*** Starting uWSGI 2.0.18 (64bit) on [Tue Mar  3 09:33:51 2020] ***
compiled with version: 8.3.0 on 03 March 2020 09:01:01
os: Linux-4.19.76-linuxkit #1 SMP Thu Oct 17 19:31:58 UTC 2019
nodename: 48549967b29e
machine: x86_64
clock source: unix
pcre jit disabled
detected number of CPU cores: 3
current working directory: /app
detected binary path: /usr/local/bin/uwsgi
uWSGI running as root, you can use --uid/--gid/--chroot options
*** WARNING: you are running uWSGI as root !!! (use the --uid flag) *** 
your memory page size is 4096 bytes
detected max file descriptor number: 1048576
lock engine: pthread robust mutexes
thunder lock: disabled (you can enable it with --thunder-lock)
uwsgi socket 0 inherited INET address :8001 fd 3
uwsgi socket 1 inherited INET address :8001 fd 3
uWSGI running as root, you can use --uid/--gid/--chroot options
*** WARNING: you are running uWSGI as root !!! (use the --uid flag) *** 
Python version: 3.7.5 (default, Nov 23 2019, 05:59:34)  [GCC 8.3.0]
Python main interpreter initialized at 0x562ba8c83ff0
uWSGI running as root, you can use --uid/--gid/--chroot options
*** WARNING: you are running uWSGI as root !!! (use the --uid flag) *** 
python threads support enabled
your server socket listen backlog is limited to 100 connections
your mercy for graceful operations on workers is 60 seconds
mapped 145840 bytes (142 KB) for 1 cores
*** Operational MODE: single process ***
ModuleNotFoundError: No module named 'django.wsgi'
unable to load app 0 (mountpoint='') (callable not found or import error)
WSGI app 0 (mountpoint='') ready in 0 seconds on interpreter 0x562ba8c83ff0 pid: 1 (default app)
uWSGI running as root, you can use --uid/--gid/--chroot options
*** WARNING: you are running uWSGI as root !!! (use the --uid flag) *** 
*** uWSGI is running in multiple interpreter mode ***
gracefully (RE)spawned uWSGI master process (pid: 1)
spawned uWSGI worker 1 (pid: 45, cores: 1)
epoll_ctl(): File exists [core/event.c line 524]
Python auto-reloader enabled
[pid: 45|app: 0|req: 1/1] 172.27.0.1 () {50 vars in 1891 bytes} [Tue Mar  3 09:34:12 2020] GET / => generated 16504 bytes in 21 msecs (HTTP/1.1 200) 3 headers in 96 bytes (1 switches on core 0)
[pid: 45|app: 0|req: 2/2] 172.27.0.1 () {50 vars in 1903 bytes} [Tue Mar  3 09:34:17 2020] GET /admin/ => generated 0 bytes in 41 msecs (HTTP/1.1 302) 7 headers in 265 bytes (1 switches on core 0)
[pid: 45|app: 0|req: 3/3] 172.27.0.1 () {50 vars in 1940 bytes} [Tue Mar  3 09:34:17 2020] GET /admin/login/?next=/admin/ => generated 1848 bytes in 162 msecs (HTTP/1.1 200) 7 headers in 395 bytes (1 switches on core 0)
...brutally killing workers...
worker 1 buried after 1 seconds
binary reloading uWSGI...
chdir() to /app
closing all non-uwsgi socket fds > 2 (max_fd = 1048576)...
found fd 3 mapped to socket 0 (:8001)
running /usr/local/bin/uwsgi
[uWSGI] getting INI configuration from /app/django.ini
*** Starting uWSGI 2.0.18 (64bit) on [Tue Mar  3 09:36:21 2020] ***
compiled with version: 8.3.0 on 03 March 2020 09:01:01
os: Linux-4.19.76-linuxkit #1 SMP Thu Oct 17 19:31:58 UTC 2019
nodename: 48549967b29e
machine: x86_64
clock source: unix
pcre jit disabled
detected number of CPU cores: 3
current working directory: /app
detected binary path: /usr/local/bin/uwsgi
uWSGI running as root, you can use --uid/--gid/--chroot options
*** WARNING: you are running uWSGI as root !!! (use the --uid flag) *** 
your memory page size is 4096 bytes
detected max file descriptor number: 1048576
lock engine: pthread robust mutexes
thunder lock: disabled (you can enable it with --thunder-lock)
uwsgi socket 0 inherited INET address :8001 fd 3
uwsgi socket 1 inherited INET address :8001 fd 3
uWSGI running as root, you can use --uid/--gid/--chroot options
*** WARNING: you are running uWSGI as root !!! (use the --uid flag) *** 
Python version: 3.7.5 (default, Nov 23 2019, 05:59:34)  [GCC 8.3.0]
Python main interpreter initialized at 0x5622846f3ff0
uWSGI running as root, you can use --uid/--gid/--chroot options
*** WARNING: you are running uWSGI as root !!! (use the --uid flag) *** 
python threads support enabled
your server socket listen backlog is limited to 100 connections
your mercy for graceful operations on workers is 60 seconds
mapped 145840 bytes (142 KB) for 1 cores
*** Operational MODE: single process ***
ModuleNotFoundError: No module named 'django.wsgi'
unable to load app 0 (mountpoint='') (callable not found or import error)
WSGI app 0 (mountpoint='') ready in 1 seconds on interpreter 0x5622846f3ff0 pid: 1 (default app)
uWSGI running as root, you can use --uid/--gid/--chroot options
*** WARNING: you are running uWSGI as root !!! (use the --uid flag) *** 
*** uWSGI is running in multiple interpreter mode ***
gracefully (RE)spawned uWSGI master process (pid: 1)
spawned uWSGI worker 1 (pid: 50, cores: 1)
epoll_ctl(): File exists [core/event.c line 524]
Python auto-reloader enabled
*** Starting uWSGI 2.0.18 (64bit) on [Tue Mar  3 09:36:48 2020] ***
compiled with version: 8.3.0 on 03 March 2020 09:01:01
os: Linux-4.19.76-linuxkit #1 SMP Thu Oct 17 19:31:58 UTC 2019
nodename: 48549967b29e
machine: x86_64
clock source: unix
pcre jit disabled
detected number of CPU cores: 3
current working directory: /app
detected binary path: /usr/local/bin/uwsgi
uWSGI running as root, you can use --uid/--gid/--chroot options
*** WARNING: you are running uWSGI as root !!! (use the --uid flag) *** 
your memory page size is 4096 bytes
detected max file descriptor number: 1048576
lock engine: pthread robust mutexes
thunder lock: disabled (you can enable it with --thunder-lock)
uwsgi socket 0 bound to TCP address :8001 fd 3
uWSGI running as root, you can use --uid/--gid/--chroot options
*** WARNING: you are running uWSGI as root !!! (use the --uid flag) *** 
Python version: 3.7.5 (default, Nov 23 2019, 05:59:34)  [GCC 8.3.0]
Python main interpreter initialized at 0x55effa82e020
uWSGI running as root, you can use --uid/--gid/--chroot options
*** WARNING: you are running uWSGI as root !!! (use the --uid flag) *** 
python threads support enabled
your server socket listen backlog is limited to 100 connections
your mercy for graceful operations on workers is 60 seconds
mapped 145840 bytes (142 KB) for 1 cores
*** Operational MODE: single process ***
ModuleNotFoundError: No module named 'django.wsgi'
unable to load app 0 (mountpoint='') (callable not found or import error)
WSGI app 0 (mountpoint='') ready in 1 seconds on interpreter 0x55effa82e020 pid: 1 (default app)
uWSGI running as root, you can use --uid/--gid/--chroot options
*** WARNING: you are running uWSGI as root !!! (use the --uid flag) *** 
*** uWSGI is running in multiple interpreter mode ***
spawned uWSGI master process (pid: 1)
spawned uWSGI worker 1 (pid: 7, cores: 1)
Python auto-reloader enabled
[pid: 7|app: 0|req: 1/1] 172.27.0.1 () {52 vars in 1971 bytes} [Tue Mar  3 09:36:55 2020] GET /admin/login/?next=/admin/ => generated 1848 bytes in 151 msecs (HTTP/1.1 200) 7 headers in 395 bytes (1 switches on core 0)
[uwsgi-python-reloader] module/file ./config/settings.py has been modified
...gracefully killing workers...
Gracefully killing worker 1 (pid: 7)...
worker 1 buried after 1 seconds
binary reloading uWSGI...
chdir() to /app
closing all non-uwsgi socket fds > 2 (max_fd = 1048576)...
found fd 3 mapped to socket 0 (:8001)
running /usr/local/bin/uwsgi
[uWSGI] getting INI configuration from /app/django.ini
*** Starting uWSGI 2.0.18 (64bit) on [Tue Mar  3 09:38:27 2020] ***
compiled with version: 8.3.0 on 03 March 2020 09:01:01
os: Linux-4.19.76-linuxkit #1 SMP Thu Oct 17 19:31:58 UTC 2019
nodename: 48549967b29e
machine: x86_64
clock source: unix
pcre jit disabled
detected number of CPU cores: 3
current working directory: /app
detected binary path: /usr/local/bin/uwsgi
uWSGI running as root, you can use --uid/--gid/--chroot options
*** WARNING: you are running uWSGI as root !!! (use the --uid flag) *** 
your memory page size is 4096 bytes
detected max file descriptor number: 1048576
lock engine: pthread robust mutexes
thunder lock: disabled (you can enable it with --thunder-lock)
uwsgi socket 0 inherited INET address :8001 fd 3
uwsgi socket 1 inherited INET address :8001 fd 3
uWSGI running as root, you can use --uid/--gid/--chroot options
*** WARNING: you are running uWSGI as root !!! (use the --uid flag) *** 
Python version: 3.7.5 (default, Nov 23 2019, 05:59:34)  [GCC 8.3.0]
Python main interpreter initialized at 0x5601fc920ff0
uWSGI running as root, you can use --uid/--gid/--chroot options
*** WARNING: you are running uWSGI as root !!! (use the --uid flag) *** 
python threads support enabled
your server socket listen backlog is limited to 100 connections
your mercy for graceful operations on workers is 60 seconds
mapped 145840 bytes (142 KB) for 1 cores
*** Operational MODE: single process ***
ModuleNotFoundError: No module named 'django.wsgi'
unable to load app 0 (mountpoint='') (callable not found or import error)
WSGI app 0 (mountpoint='') ready in 0 seconds on interpreter 0x5601fc920ff0 pid: 1 (default app)
uWSGI running as root, you can use --uid/--gid/--chroot options
*** WARNING: you are running uWSGI as root !!! (use the --uid flag) *** 
*** uWSGI is running in multiple interpreter mode ***
gracefully (RE)spawned uWSGI master process (pid: 1)
spawned uWSGI worker 1 (pid: 9, cores: 1)
epoll_ctl(): File exists [core/event.c line 524]
Python auto-reloader enabled
[uwsgi-python-reloader] module/file ./config/settings.py has been modified
...gracefully killing workers...
Gracefully killing worker 1 (pid: 9)...
worker 1 buried after 1 seconds
binary reloading uWSGI...
chdir() to /app
closing all non-uwsgi socket fds > 2 (max_fd = 1048576)...
found fd 3 mapped to socket 0 (:8001)
running /usr/local/bin/uwsgi
[uWSGI] getting INI configuration from /app/django.ini
*** Starting uWSGI 2.0.18 (64bit) on [Tue Mar  3 09:39:50 2020] ***
compiled with version: 8.3.0 on 03 March 2020 09:01:01
os: Linux-4.19.76-linuxkit #1 SMP Thu Oct 17 19:31:58 UTC 2019
nodename: 48549967b29e
machine: x86_64
clock source: unix
pcre jit disabled
detected number of CPU cores: 3
current working directory: /app
detected binary path: /usr/local/bin/uwsgi
uWSGI running as root, you can use --uid/--gid/--chroot options
*** WARNING: you are running uWSGI as root !!! (use the --uid flag) *** 
your memory page size is 4096 bytes
detected max file descriptor number: 1048576
lock engine: pthread robust mutexes
thunder lock: disabled (you can enable it with --thunder-lock)
uwsgi socket 0 inherited INET address :8001 fd 3
uwsgi socket 1 inherited INET address :8001 fd 3
uWSGI running as root, you can use --uid/--gid/--chroot options
*** WARNING: you are running uWSGI as root !!! (use the --uid flag) *** 
Python version: 3.7.5 (default, Nov 23 2019, 05:59:34)  [GCC 8.3.0]
Python main interpreter initialized at 0x55be25a3cff0
uWSGI running as root, you can use --uid/--gid/--chroot options
*** WARNING: you are running uWSGI as root !!! (use the --uid flag) *** 
python threads support enabled
your server socket listen backlog is limited to 100 connections
your mercy for graceful operations on workers is 60 seconds
mapped 145840 bytes (142 KB) for 1 cores
*** Operational MODE: single process ***
ModuleNotFoundError: No module named 'django.wsgi'
unable to load app 0 (mountpoint='') (callable not found or import error)
WSGI app 0 (mountpoint='') ready in 0 seconds on interpreter 0x55be25a3cff0 pid: 1 (default app)
uWSGI running as root, you can use --uid/--gid/--chroot options
*** WARNING: you are running uWSGI as root !!! (use the --uid flag) *** 
*** uWSGI is running in multiple interpreter mode ***
gracefully (RE)spawned uWSGI master process (pid: 1)
spawned uWSGI worker 1 (pid: 20, cores: 1)
epoll_ctl(): File exists [core/event.c line 524]
Python auto-reloader enabled
[uwsgi-python-reloader] module/file ./config/settings.py has been modified
...gracefully killing workers...
Gracefully killing worker 1 (pid: 20)...
worker 1 buried after 1 seconds
binary reloading uWSGI...
chdir() to /app
closing all non-uwsgi socket fds > 2 (max_fd = 1048576)...
found fd 3 mapped to socket 0 (:8001)
running /usr/local/bin/uwsgi
[uWSGI] getting INI configuration from /app/django.ini
*** Starting uWSGI 2.0.18 (64bit) on [Tue Mar  3 09:40:46 2020] ***
compiled with version: 8.3.0 on 03 March 2020 09:01:01
os: Linux-4.19.76-linuxkit #1 SMP Thu Oct 17 19:31:58 UTC 2019
nodename: 48549967b29e
machine: x86_64
clock source: unix
pcre jit disabled
detected number of CPU cores: 3
current working directory: /app
detected binary path: /usr/local/bin/uwsgi
uWSGI running as root, you can use --uid/--gid/--chroot options
*** WARNING: you are running uWSGI as root !!! (use the --uid flag) *** 
your memory page size is 4096 bytes
detected max file descriptor number: 1048576
lock engine: pthread robust mutexes
thunder lock: disabled (you can enable it with --thunder-lock)
uwsgi socket 0 inherited INET address :8001 fd 3
uwsgi socket 1 inherited INET address :8001 fd 3
uWSGI running as root, you can use --uid/--gid/--chroot options
*** WARNING: you are running uWSGI as root !!! (use the --uid flag) *** 
Python version: 3.7.5 (default, Nov 23 2019, 05:59:34)  [GCC 8.3.0]
Python main interpreter initialized at 0x55abdfecfff0
uWSGI running as root, you can use --uid/--gid/--chroot options
*** WARNING: you are running uWSGI as root !!! (use the --uid flag) *** 
python threads support enabled
your server socket listen backlog is limited to 100 connections
your mercy for graceful operations on workers is 60 seconds
mapped 145840 bytes (142 KB) for 1 cores
*** Operational MODE: single process ***
ModuleNotFoundError: No module named 'django.wsgi'
unable to load app 0 (mountpoint='') (callable not found or import error)
WSGI app 0 (mountpoint='') ready in 0 seconds on interpreter 0x55abdfecfff0 pid: 1 (default app)
uWSGI running as root, you can use --uid/--gid/--chroot options
*** WARNING: you are running uWSGI as root !!! (use the --uid flag) *** 
*** uWSGI is running in multiple interpreter mode ***
gracefully (RE)spawned uWSGI master process (pid: 1)
spawned uWSGI worker 1 (pid: 24, cores: 1)
epoll_ctl(): File exists [core/event.c line 524]
Python auto-reloader enabled
[uwsgi-python-reloader] module/file ./config/settings.py has been modified
...gracefully killing workers...
Gracefully killing worker 1 (pid: 24)...
worker 1 buried after 1 seconds
binary reloading uWSGI...
chdir() to /app
closing all non-uwsgi socket fds > 2 (max_fd = 1048576)...
found fd 3 mapped to socket 0 (:8001)
running /usr/local/bin/uwsgi
[uWSGI] getting INI configuration from /app/django.ini
*** Starting uWSGI 2.0.18 (64bit) on [Tue Mar  3 09:41:19 2020] ***
compiled with version: 8.3.0 on 03 March 2020 09:01:01
os: Linux-4.19.76-linuxkit #1 SMP Thu Oct 17 19:31:58 UTC 2019
nodename: 48549967b29e
machine: x86_64
clock source: unix
pcre jit disabled
detected number of CPU cores: 3
current working directory: /app
detected binary path: /usr/local/bin/uwsgi
uWSGI running as root, you can use --uid/--gid/--chroot options
*** WARNING: you are running uWSGI as root !!! (use the --uid flag) *** 
your memory page size is 4096 bytes
detected max file descriptor number: 1048576
lock engine: pthread robust mutexes
thunder lock: disabled (you can enable it with --thunder-lock)
uwsgi socket 0 inherited INET address :8001 fd 3
uwsgi socket 1 inherited INET address :8001 fd 3
uWSGI running as root, you can use --uid/--gid/--chroot options
*** WARNING: you are running uWSGI as root !!! (use the --uid flag) *** 
Python version: 3.7.5 (default, Nov 23 2019, 05:59:34)  [GCC 8.3.0]
Python main interpreter initialized at 0x55c01abd6ff0
uWSGI running as root, you can use --uid/--gid/--chroot options
*** WARNING: you are running uWSGI as root !!! (use the --uid flag) *** 
python threads support enabled
your server socket listen backlog is limited to 100 connections
your mercy for graceful operations on workers is 60 seconds
mapped 145840 bytes (142 KB) for 1 cores
*** Operational MODE: single process ***
ModuleNotFoundError: No module named 'django.wsgi'
unable to load app 0 (mountpoint='') (callable not found or import error)
WSGI app 0 (mountpoint='') ready in 0 seconds on interpreter 0x55c01abd6ff0 pid: 1 (default app)
uWSGI running as root, you can use --uid/--gid/--chroot options
*** WARNING: you are running uWSGI as root !!! (use the --uid flag) *** 
*** uWSGI is running in multiple interpreter mode ***
gracefully (RE)spawned uWSGI master process (pid: 1)
spawned uWSGI worker 1 (pid: 28, cores: 1)
epoll_ctl(): File exists [core/event.c line 524]
Python auto-reloader enabled
[pid: 28|app: 0|req: 1/1] 172.27.0.1 () {50 vars in 1891 bytes} [Tue Mar  3 09:41:43 2020] GET / => generated 16504 bytes in 21 msecs (HTTP/1.1 200) 3 headers in 96 bytes (1 switches on core 0)
[pid: 28|app: 0|req: 2/2] 172.27.0.1 () {50 vars in 1903 bytes} [Tue Mar  3 09:41:56 2020] GET /admin/ => generated 0 bytes in 26 msecs (HTTP/1.1 302) 7 headers in 265 bytes (1 switches on core 0)
[pid: 28|app: 0|req: 3/3] 172.27.0.1 () {50 vars in 1940 bytes} [Tue Mar  3 09:41:56 2020] GET /admin/login/?next=/admin/ => generated 1848 bytes in 181 msecs (HTTP/1.1 200) 7 headers in 395 bytes (1 switches on core 0)
[pid: 28|app: 0|req: 4/4] 172.27.0.1 () {50 vars in 1915 bytes} [Tue Mar  3 09:42:03 2020] GET /admin/login/ => generated 1835 bytes in 19 msecs (HTTP/1.1 200) 7 headers in 395 bytes (1 switches on core 0)
Not Found: /login
[pid: 28|app: 0|req: 5/5] 172.27.0.1 () {50 vars in 1901 bytes} [Tue Mar  3 09:42:08 2020] GET /login => generated 1954 bytes in 7 msecs (HTTP/1.1 404) 3 headers in 102 bytes (1 switches on core 0)
[pid: 28|app: 0|req: 6/6] 172.27.0.1 () {50 vars in 1915 bytes} [Tue Mar  3 09:42:10 2020] GET /admin/login/ => generated 1835 bytes in 37 msecs (HTTP/1.1 200) 7 headers in 395 bytes (1 switches on core 0)
[pid: 28|app: 0|req: 7/7] 172.27.0.1 () {52 vars in 1960 bytes} [Tue Mar  3 09:42:12 2020] GET /admin/ => generated 0 bytes in 2 msecs (HTTP/1.1 302) 7 headers in 265 bytes (1 switches on core 0)
[pid: 28|app: 0|req: 8/8] 172.27.0.1 () {52 vars in 1997 bytes} [Tue Mar  3 09:42:12 2020] GET /admin/login/?next=/admin/ => generated 1848 bytes in 23 msecs (HTTP/1.1 200) 7 headers in 395 bytes (1 switches on core 0)
[uwsgi-python-reloader] module/file ./config/settings.py has been modified
...gracefully killing workers...
Gracefully killing worker 1 (pid: 28)...
worker 1 buried after 1 seconds
binary reloading uWSGI...
chdir() to /app
closing all non-uwsgi socket fds > 2 (max_fd = 1048576)...
found fd 3 mapped to socket 0 (:8001)
running /usr/local/bin/uwsgi
[uWSGI] getting INI configuration from /app/django.ini
*** Starting uWSGI 2.0.18 (64bit) on [Tue Mar  3 09:43:01 2020] ***
compiled with version: 8.3.0 on 03 March 2020 09:01:01
os: Linux-4.19.76-linuxkit #1 SMP Thu Oct 17 19:31:58 UTC 2019
nodename: 48549967b29e
machine: x86_64
clock source: unix
pcre jit disabled
detected number of CPU cores: 3
current working directory: /app
detected binary path: /usr/local/bin/uwsgi
uWSGI running as root, you can use --uid/--gid/--chroot options
*** WARNING: you are running uWSGI as root !!! (use the --uid flag) *** 
your memory page size is 4096 bytes
detected max file descriptor number: 1048576
lock engine: pthread robust mutexes
thunder lock: disabled (you can enable it with --thunder-lock)
uwsgi socket 0 inherited INET address :8001 fd 3
uwsgi socket 1 inherited INET address :8001 fd 3
uWSGI running as root, you can use --uid/--gid/--chroot options
*** WARNING: you are running uWSGI as root !!! (use the --uid flag) *** 
Python version: 3.7.5 (default, Nov 23 2019, 05:59:34)  [GCC 8.3.0]
Python main interpreter initialized at 0x556495ce3ff0
uWSGI running as root, you can use --uid/--gid/--chroot options
*** WARNING: you are running uWSGI as root !!! (use the --uid flag) *** 
python threads support enabled
your server socket listen backlog is limited to 100 connections
your mercy for graceful operations on workers is 60 seconds
mapped 145840 bytes (142 KB) for 1 cores
*** Operational MODE: single process ***
ModuleNotFoundError: No module named 'django.wsgi'
unable to load app 0 (mountpoint='') (callable not found or import error)
WSGI app 0 (mountpoint='') ready in 0 seconds on interpreter 0x556495ce3ff0 pid: 1 (default app)
uWSGI running as root, you can use --uid/--gid/--chroot options
*** WARNING: you are running uWSGI as root !!! (use the --uid flag) *** 
*** uWSGI is running in multiple interpreter mode ***
gracefully (RE)spawned uWSGI master process (pid: 1)
spawned uWSGI worker 1 (pid: 30, cores: 1)
epoll_ctl(): File exists [core/event.c line 524]
Python auto-reloader enabled
[uwsgi-python-reloader] module/file ./config/settings.py has been modified
...gracefully killing workers...
Gracefully killing worker 1 (pid: 30)...
worker 1 buried after 1 seconds
binary reloading uWSGI...
chdir() to /app
closing all non-uwsgi socket fds > 2 (max_fd = 1048576)...
found fd 3 mapped to socket 0 (:8001)
running /usr/local/bin/uwsgi
[uWSGI] getting INI configuration from /app/django.ini
*** Starting uWSGI 2.0.18 (64bit) on [Tue Mar  3 09:49:45 2020] ***
compiled with version: 8.3.0 on 03 March 2020 09:01:01
os: Linux-4.19.76-linuxkit #1 SMP Thu Oct 17 19:31:58 UTC 2019
nodename: 48549967b29e
machine: x86_64
clock source: unix
pcre jit disabled
detected number of CPU cores: 3
current working directory: /app
detected binary path: /usr/local/bin/uwsgi
uWSGI running as root, you can use --uid/--gid/--chroot options
*** WARNING: you are running uWSGI as root !!! (use the --uid flag) *** 
your memory page size is 4096 bytes
detected max file descriptor number: 1048576
lock engine: pthread robust mutexes
thunder lock: disabled (you can enable it with --thunder-lock)
uwsgi socket 0 inherited INET address :8001 fd 3
uwsgi socket 1 inherited INET address :8001 fd 3
uWSGI running as root, you can use --uid/--gid/--chroot options
*** WARNING: you are running uWSGI as root !!! (use the --uid flag) *** 
Python version: 3.7.5 (default, Nov 23 2019, 05:59:34)  [GCC 8.3.0]
Python main interpreter initialized at 0x55679736bff0
uWSGI running as root, you can use --uid/--gid/--chroot options
*** WARNING: you are running uWSGI as root !!! (use the --uid flag) *** 
python threads support enabled
your server socket listen backlog is limited to 100 connections
your mercy for graceful operations on workers is 60 seconds
mapped 145840 bytes (142 KB) for 1 cores
*** Operational MODE: single process ***
ModuleNotFoundError: No module named 'django.wsgi'
unable to load app 0 (mountpoint='') (callable not found or import error)
Traceback (most recent call last):
  File "/app/config/wsgi.py", line 16, in <module>
    application = get_wsgi_application()
  File "/usr/local/lib/python3.7/site-packages/django/core/wsgi.py", line 12, in get_wsgi_application
    django.setup(set_prefix=False)
  File "/usr/local/lib/python3.7/site-packages/django/__init__.py", line 19, in setup
    configure_logging(settings.LOGGING_CONFIG, settings.LOGGING)
  File "/usr/local/lib/python3.7/site-packages/django/conf/__init__.py", line 79, in __getattr__
    self._setup(name)
  File "/usr/local/lib/python3.7/site-packages/django/conf/__init__.py", line 66, in _setup
    self._wrapped = Settings(settings_module)
  File "/usr/local/lib/python3.7/site-packages/django/conf/__init__.py", line 157, in __init__
    mod = importlib.import_module(self.SETTINGS_MODULE)
  File "/usr/local/lib/python3.7/importlib/__init__.py", line 127, in import_module
    return _bootstrap._gcd_import(name[level:], package, level)
  File "<frozen importlib._bootstrap>", line 1006, in _gcd_import
  File "<frozen importlib._bootstrap>", line 983, in _find_and_load
  File "<frozen importlib._bootstrap>", line 967, in _find_and_load_unlocked
  File "<frozen importlib._bootstrap>", line 677, in _load_unlocked
  File "<frozen importlib._bootstrap_external>", line 728, in exec_module
  File "<frozen importlib._bootstrap>", line 219, in _call_with_frames_removed
  File "./config/settings.py", line 152, in <module>
    STATIC_ROOT = join(APPS_DIR, "static/")
NameError: name 'join' is not defined
unable to load app 0 (mountpoint='') (callable not found or import error)
*** no app loaded. going in full dynamic mode ***
uWSGI running as root, you can use --uid/--gid/--chroot options
*** WARNING: you are running uWSGI as root !!! (use the --uid flag) *** 
*** uWSGI is running in multiple interpreter mode ***
gracefully (RE)spawned uWSGI master process (pid: 1)
spawned uWSGI worker 1 (pid: 33, cores: 1)
epoll_ctl(): File exists [core/event.c line 524]
Python auto-reloader enabled
